TN:
SF:dto\globalResponse.dto.ts
FN:1,createResponse
FNF:1
FNH:0
FNDA:0,createResponse
DA:1,1
DA:2,0
LF:2
LH:1
BRF:0
BRH:0
end_of_record
TN:
SF:entities\client.entity.ts
FNF:0
FNH:0
DA:1,1
DA:10,1
DA:12,1
DA:15,1
DA:18,1
DA:21,1
DA:24,1
DA:27,1
DA:30,1
DA:33,1
LF:10
LH:10
BRF:0
BRH:0
end_of_record
TN:
SF:entities\vehicle.entity.ts
FN:9,(anonymous_2)
FNF:1
FNH:1
FNDA:1,(anonymous_2)
DA:1,1
DA:9,1
DA:10,1
DA:11,1
DA:12,1
DA:13,1
DA:17,1
DA:19,1
DA:22,1
DA:25,1
DA:33,1
DA:36,1
DA:39,1
DA:47,1
DA:50,1
DA:59,1
DA:62,1
DA:65,1
LF:18
LH:18
BRDA:9,0,0,1
BRDA:9,0,1,1
BRF:2
BRH:2
end_of_record
TN:
SF:repositories\repositories.ts
FN:5,(anonymous_0)
FNF:1
FNH:0
FNDA:0,(anonymous_0)
DA:2,1
DA:3,1
DA:5,1
LF:3
LH:3
BRF:0
BRH:0
end_of_record
TN:
SF:services\client.service.ts
FN:16,(anonymous_8)
FN:22,(anonymous_9)
FN:33,(anonymous_11)
FN:111,(anonymous_12)
FN:144,(anonymous_14)
FN:155,(anonymous_16)
FN:205,(anonymous_17)
FN:228,(anonymous_19)
FN:293,(anonymous_20)
FNF:9
FNH:0
FNDA:0,(anonymous_8)
FNDA:0,(anonymous_9)
FNDA:0,(anonymous_11)
FNDA:0,(anonymous_12)
FNDA:0,(anonymous_14)
FNDA:0,(anonymous_16)
FNDA:0,(anonymous_17)
FNDA:0,(anonymous_19)
FNDA:0,(anonymous_20)
DA:5,1
DA:6,1
DA:12,1
DA:17,0
DA:18,0
DA:27,0
DA:29,0
DA:32,0
DA:33,0
DA:37,0
DA:40,0
DA:43,0
DA:44,0
DA:46,0
DA:49,0
DA:50,0
DA:55,0
DA:56,0
DA:61,0
DA:62,0
DA:67,0
DA:68,0
DA:73,0
DA:74,0
DA:79,0
DA:80,0
DA:86,0
DA:89,0
DA:90,0
DA:93,0
DA:95,0
DA:97,0
DA:106,0
DA:116,0
DA:117,0
DA:118,0
DA:119,0
DA:120,0
DA:123,0
DA:124,0
DA:125,0
DA:126,0
DA:129,0
DA:130,0
DA:131,0
DA:132,0
DA:135,0
DA:139,0
DA:149,0
DA:151,0
DA:154,0
DA:155,0
DA:159,0
DA:162,0
DA:166,0
DA:169,0
DA:170,0
DA:173,0
DA:177,0
DA:180,0
DA:181,0
DA:184,0
DA:187,0
DA:195,0
DA:196,0
DA:200,0
DA:210,0
DA:211,0
DA:212,0
DA:213,0
DA:214,0
DA:217,0
DA:218,0
DA:219,0
DA:220,0
DA:224,0
DA:227,0
DA:228,0
DA:232,0
DA:235,0
DA:238,0
DA:239,0
DA:240,0
DA:241,0
DA:245,0
DA:246,0
DA:249,0
DA:250,0
DA:253,0
DA:258,0
DA:262,0
DA:265,0
DA:266,0
DA:269,0
DA:274,0
DA:275,0
DA:276,0
DA:277,0
DA:278,0
DA:279,0
DA:281,0
DA:282,0
DA:288,0
DA:298,0
DA:299,0
DA:300,0
DA:301,0
DA:302,0
DA:305,0
DA:306,0
DA:307,0
DA:308,0
DA:311,0
DA:312,0
DA:313,0
DA:314,0
DA:317,0
DA:318,0
DA:320,0
LF:119
LH:3
BRDA:18,0,0,0
BRDA:18,0,1,0
BRDA:32,1,0,0
BRDA:32,1,1,0
BRDA:43,2,0,0
BRDA:43,3,0,0
BRDA:49,4,0,0
BRDA:49,4,1,0
BRDA:55,5,0,0
BRDA:55,5,1,0
BRDA:61,6,0,0
BRDA:61,6,1,0
BRDA:67,7,0,0
BRDA:67,7,1,0
BRDA:73,8,0,0
BRDA:73,8,1,0
BRDA:79,9,0,0
BRDA:79,9,1,0
BRDA:118,10,0,0
BRDA:118,10,1,0
BRDA:124,11,0,0
BRDA:124,11,1,0
BRDA:130,12,0,0
BRDA:130,12,1,0
BRDA:154,13,0,0
BRDA:154,13,1,0
BRDA:169,14,0,0
BRDA:169,14,1,0
BRDA:180,15,0,0
BRDA:180,15,1,0
BRDA:212,16,0,0
BRDA:212,16,1,0
BRDA:218,17,0,0
BRDA:218,17,1,0
BRDA:227,18,0,0
BRDA:227,18,1,0
BRDA:239,19,0,0
BRDA:239,19,1,0
BRDA:245,20,0,0
BRDA:245,20,1,0
BRDA:245,21,0,0
BRDA:245,21,1,0
BRDA:249,22,0,0
BRDA:249,22,1,0
BRDA:258,23,0,0
BRDA:258,23,1,0
BRDA:259,24,0,0
BRDA:259,24,1,0
BRDA:265,25,0,0
BRDA:265,25,1,0
BRDA:274,26,0,0
BRDA:274,26,1,0
BRDA:275,27,0,0
BRDA:275,27,1,0
BRDA:276,28,0,0
BRDA:276,28,1,0
BRDA:277,29,0,0
BRDA:277,29,1,0
BRDA:278,30,0,0
BRDA:278,30,1,0
BRDA:300,31,0,0
BRDA:300,31,1,0
BRDA:306,32,0,0
BRDA:306,32,1,0
BRDA:312,33,0,0
BRDA:312,33,1,0
BRF:66
BRH:0
end_of_record
TN:
SF:validators\client.validator.ts
FNF:0
FNH:0
DA:1,2
DA:4,2
DA:6,2
DA:30,2
DA:53,2
LF:5
LH:5
BRF:0
BRH:0
end_of_record
